Z:\DOCUMENTS\PROJECT\HBAANALYZERPLAYER\DEBUG\HBAANALYZERPLAYER.EXE
Z:\DOCUMENTS\PROJECT\HBAANALYZERPLAYER\DEBUG\HBAANALYZERPLAYER.ILK
Z:\DOCUMENTS\PROJECT\HBAANALYZERPLAYER\DEBUG\HBAANALYZERPLAYER.PDB
Z:\Documents\Project\HBAAnalyzerPlayer\HBAAnalyzerPlayer\Debug\cl.command.1.tlog
Z:\Documents\Project\HBAAnalyzerPlayer\HBAAnalyzerPlayer\Debug\cl.read.1.tlog
Z:\Documents\Project\HBAAnalyzerPlayer\HBAAnalyzerPlayer\Debug\cl.write.1.tlog
Z:\DOCUMENTS\PROJECT\HBAANALYZERPLAYER\HBAANALYZERPLAYER\DEBUG\DLGHBAANALYZERPLAYER.OBJ
Z:\DOCUMENTS\PROJECT\HBAANALYZERPLAYER\HBAANALYZERPLAYER\DEBUG\HBAANALYZERPLAYER.EXE.EMBED.MANIFEST
Z:\DOCUMENTS\PROJECT\HBAANALYZERPLAYER\HBAANALYZERPLAYER\DEBUG\HBAANALYZERPLAYER.EXE.EMBED.MANIFEST.RES
Z:\DOCUMENTS\PROJECT\HBAANALYZERPLAYER\HBAANALYZERPLAYER\DEBUG\HBAANALYZERPLAYER.EXE.INTERMEDIATE.MANIFEST
Z:\DOCUMENTS\PROJECT\HBAANALYZERPLAYER\HBAANALYZERPLAYER\DEBUG\HBAANALYZERPLAYER.OBJ
Z:\DOCUMENTS\PROJECT\HBAANALYZERPLAYER\HBAANALYZERPLAYER\DEBUG\HBAANALYZERPLAYER.PCH
Z:\DOCUMENTS\PROJECT\HBAANALYZERPLAYER\HBAANALYZERPLAYER\DEBUG\HBAANALYZERPLAYER.RES
Z:\Documents\Project\HBAAnalyzerPlayer\HBAAnalyzerPlayer\Debug\HBAAnalyzerPlayer.vcxprojResolveAssemblyReference.cache
Z:\Documents\Project\HBAAnalyzerPlayer\HBAAnalyzerPlayer\Debug\HBAAnalyzerPlayer.write.1.tlog
Z:\Documents\Project\HBAAnalyzerPlayer\HBAAnalyzerPlayer\Debug\HBAAnalyzerPlayer_manifest.rc
Z:\Documents\Project\HBAAnalyzerPlayer\HBAAnalyzerPlayer\Debug\link.command.1.tlog
Z:\Documents\Project\HBAAnalyzerPlayer\HBAAnalyzerPlayer\Debug\link.read.1.tlog
Z:\Documents\Project\HBAAnalyzerPlayer\HBAAnalyzerPlayer\Debug\link.write.1.tlog
Z:\Documents\Project\HBAAnalyzerPlayer\HBAAnalyzerPlayer\Debug\link-cvtres.read.1.tlog
Z:\Documents\Project\HBAAnalyzerPlayer\HBAAnalyzerPlayer\Debug\link-cvtres.write.1.tlog
Z:\Documents\Project\HBAAnalyzerPlayer\HBAAnalyzerPlayer\Debug\mt.command.1.tlog
Z:\Documents\Project\HBAAnalyzerPlayer\HBAAnalyzerPlayer\Debug\mt.read.1.tlog
Z:\Documents\Project\HBAAnalyzerPlayer\HBAAnalyzerPlayer\Debug\mt.write.1.tlog
Z:\Documents\Project\HBAAnalyzerPlayer\HBAAnalyzerPlayer\Debug\rc.command.1.tlog
Z:\Documents\Project\HBAAnalyzerPlayer\HBAAnalyzerPlayer\Debug\rc.read.1.tlog
Z:\Documents\Project\HBAAnalyzerPlayer\HBAAnalyzerPlayer\Debug\rc.write.1.tlog
Z:\DOCUMENTS\PROJECT\HBAANALYZERPLAYER\HBAANALYZERPLAYER\DEBUG\STDAFX.OBJ
Z:\Documents\Project\HBAAnalyzerPlayer\HBAAnalyzerPlayer\Debug\vc100.idb
Z:\DOCUMENTS\PROJECT\HBAANALYZERPLAYER\HBAANALYZERPLAYER\DEBUG\VC100.PDB
